2026-05-11 02:22:26 [31merror[39m: uncaughtException: ⨯ Unable to compile TypeScript:
[96msrc/services/thirdParty/digitap_new.service.ts[0m:[93m937[0m:[93m5[0m - [91merror[0m[90m TS1109: [0mExpression expected.

[7m937[0m     })
[7m   [0m [91m    ~[0m

TSError: ⨯ Unable to compile TypeScript:
[96msrc/services/thirdParty/digitap_new.service.ts[0m:[93m937[0m:[93m5[0m - [91merror[0m[90m TS1109: [0mExpression expected.

[7m937[0m     })
[7m   [0m [91m    ~[0m

    at createTSError (/Users/varrenyam/projects/rugio/hexa/rule-mudra/node_modules/ts-node/src/index.ts:859:12)
    at reportTSError (/Users/varrenyam/projects/rugio/hexa/rule-mudra/node_modules/ts-node/src/index.ts:863:19)
    at /Users/varrenyam/projects/rugio/hexa/rule-mudra/node_modules/ts-node/src/index.ts:1379:34
    at Object.compile (/Users/varrenyam/projects/rugio/hexa/rule-mudra/node_modules/ts-node/src/index.ts:1458:13)
    at Module.m._compile (/Users/varrenyam/projects/rugio/hexa/rule-mudra/node_modules/ts-node/src/index.ts:1617:30)
    at node:internal/modules/cjs/loader:1838:10
    at Object.require.extensions.<computed> [as .ts] (/Users/varrenyam/projects/rugio/hexa/rule-mudra/node_modules/ts-node/src/index.ts:1621:12)
    at Module.load (node:internal/modules/cjs/loader:1441:32)
    at Function._load (node:internal/modules/cjs/loader:1263:12)
    at TracingChannel.traceSync (node:diagnostics_channel:328:14)
    at wrapModuleLoad (node:internal/modules/cjs/loader:237:24)
    at Module.require (node:internal/modules/cjs/loader:1463:12)
    at require (node:internal/modules/helpers:147:16)
    at Object.<anonymous> (/Users/varrenyam/projects/rugio/hexa/rule-mudra/src/services/onboarding.service.ts:157:1)
    at Module._compile (node:internal/modules/cjs/loader:1705:14)
    at Module.m._compile (/Users/varrenyam/projects/rugio/hexa/rule-mudra/node_modules/ts-node/src/index.ts:1618:23)
2026-05-11 02:57:52 [31merror[39m: uncaughtException: ⨯ Unable to compile TypeScript:
[96msrc/services/thirdParty/digitap_new.service.ts[0m:[93m973[0m:[93m5[0m - [91merror[0m[90m TS1109: [0mExpression expected.

[7m973[0m     })
[7m   [0m [91m    ~[0m

TSError: ⨯ Unable to compile TypeScript:
[96msrc/services/thirdParty/digitap_new.service.ts[0m:[93m973[0m:[93m5[0m - [91merror[0m[90m TS1109: [0mExpression expected.

[7m973[0m     })
[7m   [0m [91m    ~[0m

    at createTSError (/Users/varrenyam/projects/rugio/hexa/rule-mudra/node_modules/ts-node/src/index.ts:859:12)
    at reportTSError (/Users/varrenyam/projects/rugio/hexa/rule-mudra/node_modules/ts-node/src/index.ts:863:19)
    at /Users/varrenyam/projects/rugio/hexa/rule-mudra/node_modules/ts-node/src/index.ts:1379:34
    at Object.compile (/Users/varrenyam/projects/rugio/hexa/rule-mudra/node_modules/ts-node/src/index.ts:1458:13)
    at Module.m._compile (/Users/varrenyam/projects/rugio/hexa/rule-mudra/node_modules/ts-node/src/index.ts:1617:30)
    at node:internal/modules/cjs/loader:1838:10
    at Object.require.extensions.<computed> [as .ts] (/Users/varrenyam/projects/rugio/hexa/rule-mudra/node_modules/ts-node/src/index.ts:1621:12)
    at Module.load (node:internal/modules/cjs/loader:1441:32)
    at Function._load (node:internal/modules/cjs/loader:1263:12)
    at TracingChannel.traceSync (node:diagnostics_channel:328:14)
    at wrapModuleLoad (node:internal/modules/cjs/loader:237:24)
    at Module.require (node:internal/modules/cjs/loader:1463:12)
    at require (node:internal/modules/helpers:147:16)
    at Object.<anonymous> (/Users/varrenyam/projects/rugio/hexa/rule-mudra/src/services/onboarding.service.ts:158:1)
    at Module._compile (node:internal/modules/cjs/loader:1705:14)
    at Module.m._compile (/Users/varrenyam/projects/rugio/hexa/rule-mudra/node_modules/ts-node/src/index.ts:1618:23)
